<?xml version="1.0" encoding="UTF-8"?>
<testng-results ignored="0" total="3" passed="3" failed="0" skipped="0">
  <reporter-output>
  </reporter-output>
  <suite started-at="2024-05-21T15:45:55 PKT" name="Default suite" finished-at="2024-05-21T15:46:07 PKT" duration-ms="11828">
    <groups>
    </groups>
    <test started-at="2024-05-21T15:45:55 PKT" name="Default test" finished-at="2024-05-21T15:46:07 PKT" duration-ms="11828">
      <class name="Testcases.LoginPageTest">
        <test-method is-config="true" signature="setUp()[pri:0, instance:Testcases.LoginPageTest@48f278eb]" started-at="2024-05-21T15:45:55 PKT" name="setUp" finished-at="2024-05-21T15:45:59 PKT" duration-ms="4066" status="PASS">
          <reporter-output>
          </reporter-output>
        </test-method> <!-- setUp -->
        <test-method signature="loginPageTitleTest()[pri:1, instance:Testcases.LoginPageTest@48f278eb]" started-at="2024-05-21T15:45:59 PKT" name="loginPageTitleTest" finished-at="2024-05-21T15:45:59 PKT" duration-ms="17" status="PASS">
          <reporter-output>
          </reporter-output>
        </test-method> <!-- loginPageTitleTest -->
        <test-method is-config="true" signature="tearDown()[pri:0, instance:Testcases.LoginPageTest@48f278eb]" started-at="2024-05-21T15:45:59 PKT" name="tearDown" finished-at="2024-05-21T15:45:59 PKT" duration-ms="126" status="PASS">
          <reporter-output>
          </reporter-output>
        </test-method> <!-- tearDown -->
        <test-method is-config="true" signature="setUp()[pri:0, instance:Testcases.LoginPageTest@48f278eb]" started-at="2024-05-21T15:45:59 PKT" name="setUp" finished-at="2024-05-21T15:46:03 PKT" duration-ms="3371" status="PASS">
          <reporter-output>
          </reporter-output>
        </test-method> <!-- setUp -->
        <test-method signature="invalidLoginTest()[pri:2, instance:Testcases.LoginPageTest@48f278eb]" started-at="2024-05-21T15:46:03 PKT" name="invalidLoginTest" finished-at="2024-05-21T15:46:03 PKT" duration-ms="267" status="PASS">
          <reporter-output>
          </reporter-output>
        </test-method> <!-- invalidLoginTest -->
        <test-method is-config="true" signature="tearDown()[pri:0, instance:Testcases.LoginPageTest@48f278eb]" started-at="2024-05-21T15:46:03 PKT" name="tearDown" finished-at="2024-05-21T15:46:03 PKT" duration-ms="139" status="PASS">
          <reporter-output>
          </reporter-output>
        </test-method> <!-- tearDown -->
        <test-method is-config="true" signature="setUp()[pri:0, instance:Testcases.LoginPageTest@48f278eb]" started-at="2024-05-21T15:46:03 PKT" name="setUp" finished-at="2024-05-21T15:46:07 PKT" duration-ms="3393" status="PASS">
          <reporter-output>
          </reporter-output>
        </test-method> <!-- setUp -->
        <test-method signature="loginTest()[pri:3, instance:Testcases.LoginPageTest@48f278eb]" started-at="2024-05-21T15:46:07 PKT" name="loginTest" finished-at="2024-05-21T15:46:07 PKT" duration-ms="258" status="PASS">
          <reporter-output>
          </reporter-output>
        </test-method> <!-- loginTest -->
        <test-method is-config="true" signature="tearDown()[pri:0, instance:Testcases.LoginPageTest@48f278eb]" started-at="2024-05-21T15:46:07 PKT" name="tearDown" finished-at="2024-05-21T15:46:07 PKT" duration-ms="142" status="PASS">
          <reporter-output>
          </reporter-output>
        </test-method> <!-- tearDown -->
      </class> <!-- Testcases.LoginPageTest -->
    </test> <!-- Default test -->
  </suite> <!-- Default suite -->
</testng-results>
