<?xml version="1.0" encoding="UTF-8"?>
<!-- Generated by org.testng.reporters.JUnitXMLReporter -->
<testsuite ignored="0" hostname="DESKTOP-4GBVQK8" failures="0" tests="3" name="Default test" time="11.828" errors="0" timestamp="2024-05-21T15:46:07 PKT">
  <testcase classname="Testcases.LoginPageTest" name="loginPageTitleTest" time="0.017"/>
  <testcase classname="Testcases.LoginPageTest" name="invalidLoginTest" time="0.267"/>
  <testcase classname="Testcases.LoginPageTest" name="loginTest" time="0.258"/>
</testsuite> <!-- Default test -->
